<?xml version="1.0" encoding="UTF-8" ?>
<testsuite tests="25" failures="1" name="boxTest" time="0.05" errors="0" skipped="0">
  <properties>
[...]
</properties>
  <testcase classname="boxTest" name="testUnit21remakeOnceNotchesFixed" time="0.024">
    <failure message="expected:&lt;98&gt; but was:&lt;-1&gt;" type="java.lang.AssertionError">java.lang.AssertionError: expected:&lt;98&gt; but was:&lt;-1&gt;
	at org.junit.Assert.fail(Assert.java:88)
	at org.junit.Assert.failNotEquals(Assert.java:743)
	at org.junit.Assert.assertEquals(Assert.java:118)
	at org.junit.Assert.assertEquals(Assert.java:555)
	at org.junit.Assert.assertEquals(Assert.java:542)
	at boxTest.testUnit21remakeOnceNotchesFixed(boxTest.java:349)
	at java.base/jdk.internal.reflect.NativeMethodAccessorImpl.invoke0(Native Method)
	at java.base/jdk.internal.reflect.NativeMethodAccessorImpl.invoke(NativeMethodAccessorImpl.java:64)
	at java.base/jdk.internal.reflect.DelegatingMethodAccessorImpl.invoke(DelegatingMethodAccessorImpl.java:43)
	at java.base/java.lang.reflect.Method.invoke(Method.java:564)
	at org.junit.runners.model.FrameworkMethod$1.runReflectiveCall(FrameworkMethod.java:47)
	at org.junit.internal.runners.model.ReflectiveCallable.run(ReflectiveCallable.java:12)
	at org.junit.runners.model.FrameworkMethod.invokeExplosively(FrameworkMethod.java:44)
	at org.junit.internal.runners.statements.InvokeMethod.evaluate(InvokeMethod.java:17)
	at org.junit.internal.runners.statements.RunBefores.evaluate(RunBefores.java:26)
	at org.junit.runners.ParentRunner.runLeaf(ParentRunner.java:271)
	at org.junit.runners.BlockJUnit4ClassRunner.runChild(BlockJUnit4ClassRunner.java:70)
	at org.junit.runners.BlockJUnit4ClassRunner.runChild(BlockJUnit4ClassRunner.java:50)
	at org.junit.runners.ParentRunner$3.run(ParentRunner.java:238)
	at org.junit.runners.ParentRunner$1.schedule(ParentRunner.java:63)
	at org.junit.runners.ParentRunner.runChildren(ParentRunner.java:236)
	at org.junit.runners.ParentRunner.access$000(ParentRunner.java:53)
	at org.junit.runners.ParentRunner$2.evaluate(ParentRunner.java:229)
	at org.junit.runners.ParentRunner.run(ParentRunner.java:309)
	at org.apache.maven.surefire.junit4.JUnit4Provider.execute(JUnit4Provider.java:252)
	at org.apache.maven.surefire.junit4.JUnit4Provider.executeTestSet(JUnit4Provider.java:141)
	at org.apache.maven.surefire.junit4.JUnit4Provider.invoke(JUnit4Provider.java:112)
	at java.base/jdk.internal.reflect.NativeMethodAccessorImpl.invoke0(Native Method)
	at java.base/jdk.internal.reflect.NativeMethodAccessorImpl.invoke(NativeMethodAccessorImpl.java:64)
	at java.base/jdk.internal.reflect.DelegatingMethodAccessorImpl.invoke(DelegatingMethodAccessorImpl.java:43)
	at java.base/java.lang.reflect.Method.invoke(Method.java:564)
	at org.apache.maven.surefire.util.ReflectionUtils.invokeMethodWithArray(ReflectionUtils.java:189)
	at org.apache.maven.surefire.booter.ProviderFactory$ProviderProxy.invoke(ProviderFactory.java:165)
	at org.apache.maven.surefire.booter.ProviderFactory.invokeProvider(ProviderFactory.java:85)
	at org.apache.maven.surefire.booter.ForkedBooter.runSuitesInProcess(ForkedBooter.java:115)
	at org.apache.maven.surefire.booter.ForkedBooter.main(ForkedBooter.java:75)
</failure>
    <system-out>File already exists.
Successfully wrote to the file.
</system-out>
  </testcase>
  <testcase classname="boxTest" name="testUnit25remakeOnceNotchesFixed" time="0.002"/>
  <testcase classname="boxTest" name="testUnit2" time="0.001"/>
  <testcase classname="boxTest" name="testUnit3" time="0.001"/>
  <testcase classname="boxTest" name="testUnit4" time="0.001"/>
  <testcase classname="boxTest" name="testUnit5" time="0.001"/>
  <testcase classname="boxTest" name="testUnit6" time="0.001"/>
  <testcase classname="boxTest" name="testUnit7" time="0.001"/>
  <testcase classname="boxTest" name="testUnit8" time="0.001"/>
  <testcase classname="boxTest" name="testUnit9" time="0.001"/>
  <testcase classname="boxTest" name="testWork" time="0.001"/>
  <testcase classname="boxTest" name="testUnit22remakeOnceNotchesFixed" time="0.001"/>
  <testcase classname="boxTest" name="testUnit23remakeOnceNotchesFixed" time="0.001"/>
  <testcase classname="boxTest" name="testUnit24remakeOnceNotchesFixed" time="0.001"/>
  <testcase classname="boxTest" name="testUnit10" time="0.001"/>
  <testcase classname="boxTest" name="testUnit11" time="0.001"/>
  <testcase classname="boxTest" name="testUnit12" time="0.001"/>
  <testcase classname="boxTest" name="testUnit13" time="0.001"/>
  <testcase classname="boxTest" name="testUnit14" time="0.002"/>
  <testcase classname="boxTest" name="testUnit15" time="0.002"/>
  <testcase classname="boxTest" name="testUnit16" time="0.001"/>
  <testcase classname="boxTest" name="testUnit17" time="0.001"/>
  <testcase classname="boxTest" name="testUnit18" time="0.001"/>
  <testcase classname="boxTest" name="testUnit19" time="0.001"/>
  <testcase classname="boxTest" name="testUnit20" time="0"/>
</testsuite>